<?xml version="1.0" encoding="UTF-8"?>
<testsuite xmlns:xsi="http://www.w3.org/2001/XMLSchema-instance" xsi:noNamespaceSchemaLocation="https://maven.apache.org/surefire/maven-surefire-plugin/xsd/surefire-test-report-3.0.xsd" version="3.0" name="com.booknow.registra.ApplicationTests" time="37.942" tests="1" errors="0" skipped="0" failures="0">
  <properties>
[...]
</properties>
  <testcase name="contextLoads" classname="com.booknow.registra.ApplicationTests" time="5.499">
    <system-out><![CDATA[Standard Commons Logging discovery in action with spring-jcl: please remove commons-logging.jar from classpath in order to avoid potential conflicts
20:16:34.527 [main] INFO org.springframework.test.context.support.AnnotationConfigContextLoaderUtils -- Could not detect default configuration classes for test class [com.booknow.registra.ApplicationTests]: ApplicationTests does not declare any static, non-private, non-final, nested classes annotated with @Configuration.
20:16:35.127 [main] INFO org.springframework.boot.test.context.SpringBootTestContextBootstrapper -- Found @SpringBootConfiguration com.booknow.registra.RegistraApplication for test class com.booknow.registra.ApplicationTests

  .   ____          _            __ _ _
 /\\ / ___'_ __ _ _(_)_ __  __ _ \ \ \ \
( ( )\___ | '_ | '_| | '_ \/ _` | \ \ \ \
 \\/  ___)| |_)| | | | | || (_| |  ) ) ) )
  '  |____| .__|_| |_|_| |_\__, | / / / /
 =========|_|==============|___/=/_/_/_/

 :: Spring Boot ::                (v3.3.2)

2024-11-10T20:16:39.324-03:00  INFO 24820 --- [registra] [           main] com.booknow.registra.ApplicationTests    : Starting ApplicationTests using Java 17.0.12 with PID 24820 (started by rafa_ in C:\Users\rafa_\Documents\GitHub\BookNow-Microservices\book-now_servico_registra)
2024-11-10T20:16:39.350-03:00  INFO 24820 --- [registra] [           main] com.booknow.registra.ApplicationTests    : No active profile set, falling back to 1 default profile: "default"
2024-11-10T20:16:47.657-03:00  INFO 24820 --- [registra] [           main] o.s.cloud.context.scope.GenericScope     : BeanFactory id=261404b7-568a-3f73-85dc-5f67516766e3
2024-11-10T20:16:48.326-03:00  WARN 24820 --- [registra] [           main] trationDelegate$BeanPostProcessorChecker : Bean 'org.springframework.cloud.client.loadbalancer.LoadBalancerAutoConfiguration$DeferringLoadBalancerInterceptorConfig' of type [org.springframework.cloud.client.loadbalancer.LoadBalancerAutoConfiguration$DeferringLoadBalancerInterceptorConfig] is not eligible for getting processed by all BeanPostProcessors (for example: not eligible for auto-proxying). The currently created BeanPostProcessor [lbRestClientPostProcessor] is declared through a non-static factory method on that class; consider declaring it as static instead.
2024-11-10T20:16:48.345-03:00  WARN 24820 --- [registra] [           main] trationDelegate$BeanPostProcessorChecker : Bean 'deferringLoadBalancerInterceptor' of type [org.springframework.cloud.client.loadbalancer.DeferringLoadBalancerInterceptor] is not eligible for getting processed by all BeanPostProcessors (for example: not eligible for auto-proxying). Is this bean getting eagerly injected into a currently created BeanPostProcessor [lbRestClientPostProcessor]? Check the corresponding BeanPostProcessor declaration and its dependencies.
2024-11-10T20:17:00.120-03:00  WARN 24820 --- [registra] [           main] iguration$LoadBalancerCaffeineWarnLogger : Spring Cloud LoadBalancer is currently working with the default cache. While this cache implementation is useful for development and tests, it's recommended to use Caffeine cache in production.You can switch to using Caffeine cache, by adding it and org.springframework.cache.caffeine.CaffeineCacheManager to the classpath.
2024-11-10T20:17:01.995-03:00  INFO 24820 --- [registra] [           main] o.s.c.n.eureka.InstanceInfoFactory       : Setting initial instance status as: STARTING
2024-11-10T20:17:02.089-03:00  INFO 24820 --- [registra] [           main] com.netflix.discovery.DiscoveryClient    : Initializing Eureka in region us-east-1
2024-11-10T20:17:02.095-03:00  INFO 24820 --- [registra] [           main] com.netflix.discovery.DiscoveryClient    : Client configured to neither register nor query for data.
2024-11-10T20:17:02.104-03:00  INFO 24820 --- [registra] [           main] com.netflix.discovery.DiscoveryClient    : Discovery Client initialized at timestamp 1731280622102 with initial instances count: 0
2024-11-10T20:17:02.346-03:00  INFO 24820 --- [registra] [           main] c.n.eureka.DefaultEurekaServerContext    : Initializing ...
2024-11-10T20:17:02.353-03:00  INFO 24820 --- [registra] [           main] c.n.eureka.cluster.PeerEurekaNodes       : Adding new peer nodes [http://localhost:8761/eureka/]
2024-11-10T20:17:03.702-03:00  INFO 24820 --- [registra] [           main] c.n.d.provider.DiscoveryJerseyProvider   : Using JSON encoding codec LegacyJacksonJson
2024-11-10T20:17:03.703-03:00  INFO 24820 --- [registra] [           main] c.n.d.provider.DiscoveryJerseyProvider   : Using JSON decoding codec LegacyJacksonJson
2024-11-10T20:17:03.703-03:00  INFO 24820 --- [registra] [           main] c.n.d.provider.DiscoveryJerseyProvider   : Using XML encoding codec XStreamXml
2024-11-10T20:17:03.704-03:00  INFO 24820 --- [registra] [           main] c.n.d.provider.DiscoveryJerseyProvider   : Using XML decoding codec XStreamXml
2024-11-10T20:17:04.180-03:00  INFO 24820 --- [registra] [           main] c.n.eureka.cluster.PeerEurekaNodes       : Replica node URL:  http://localhost:8761/eureka/
2024-11-10T20:17:04.218-03:00  INFO 24820 --- [registra] [           main] c.n.e.registry.AbstractInstanceRegistry  : Finished initializing remote region registries. All known remote regions: []
2024-11-10T20:17:04.219-03:00  INFO 24820 --- [registra] [           main] c.n.eureka.DefaultEurekaServerContext    : Initialized
2024-11-10T20:17:05.331-03:00  INFO 24820 --- [registra] [           main] o.s.b.a.e.web.EndpointLinksResolver      : Exposing 1 endpoint beneath base path '/actuator'
2024-11-10T20:17:05.547-03:00  INFO 24820 --- [registra] [           main] o.s.c.n.e.s.EurekaServiceRegistry        : Registering application REGISTRA with eureka with status UP
2024-11-10T20:17:05.724-03:00  INFO 24820 --- [registra] [      Thread-10] o.s.c.n.e.server.EurekaServerBootstrap   : isAws returned false
2024-11-10T20:17:05.729-03:00  INFO 24820 --- [registra] [      Thread-10] o.s.c.n.e.server.EurekaServerBootstrap   : Initialized server context
2024-11-10T20:17:05.731-03:00  INFO 24820 --- [registra] [      Thread-10] c.n.e.r.PeerAwareInstanceRegistryImpl    : Got 1 instances from neighboring DS node
2024-11-10T20:17:05.731-03:00  INFO 24820 --- [registra] [      Thread-10] c.n.e.r.PeerAwareInstanceRegistryImpl    : Renew threshold is: 1
2024-11-10T20:17:05.733-03:00  INFO 24820 --- [registra] [      Thread-10] c.n.e.r.PeerAwareInstanceRegistryImpl    : Changing status to UP
2024-11-10T20:17:05.749-03:00  INFO 24820 --- [registra] [      Thread-10] e.s.EurekaServerInitializerConfiguration : Started Eureka Server
2024-11-10T20:17:05.780-03:00  INFO 24820 --- [registra] [           main] com.booknow.registra.ApplicationTests    : Started ApplicationTests in 29.788 seconds (process running for 35.364)
]]></system-out>
  </testcase>
</testsuite>